Arguments: 
  C:\Program Files\nodejs\node.exe C:\Users\Ali Hassan\AppData\Roaming\npm\node_modules\yarn\bin\yarn.js add nodemon bcrypt bcryptjs body-parser cookir-parser cors dotenv express mongoose nodemailer stripe validator

PATH: 
  C:\Program Files (x86)\Common Files\Oracle\Java\javapath;C:\Python310\Scripts\;C:\Python310\;C:\WINDOWS\system32;C:\WINDOWS;C:\WINDOWS\System32\Wbem;C:\WINDOWS\System32\WindowsPowerShell\v1.0\;C:\WINDOWS\System32\OpenSSH\;C:\Program Files\Git\cmd;C:\ProgramData\chocolatey\bin;C:\Program Files\Microsoft SQL Server\150\Tools\Binn\;C:\Program Files\Microsoft SQL Server\Client SDK\ODBC\170\Tools\Binn\;C:\Program Files\dotnet\;C:\Program Files\nodejs\;C:\Program Files\OpenJDK\openjdk-11.0.16_8\bin;C:\Users\Ali Hassan\AppData\Local\Android\Sdk\platform-tools;C:\Program Files\nodejs;D:\Flutter Projects\flutter\bin;C:\Users\Ali Hassan\AppData\Local\Microsoft\WindowsApps;C:\Users\Ali Hassan\AppData\Local\Programs\Microsoft VS Code\bin;C:\Users\Ali Hassan\.dotnet\tools;C:\Users\Ali Hassan\AppData\Roaming\npm

Yarn version: 
  1.22.19

Node version: 
  16.17.0

Platform: 
  win32 x64

Trace: 
  Error: https://registry.yarnpkg.com/cookir-parser: Not found
      at Request.params.callback [as _callback] (C:\Users\Ali Hassan\AppData\Roaming\npm\node_modules\yarn\lib\cli.js:66145:18)
      at Request.self.callback (C:\Users\Ali Hassan\AppData\Roaming\npm\node_modules\yarn\lib\cli.js:140890:22)
      at Request.emit (node:events:513:28)
      at Request.<anonymous> (C:\Users\Ali Hassan\AppData\Roaming\npm\node_modules\yarn\lib\cli.js:141862:10)
      at Request.emit (node:events:513:28)
      at IncomingMessage.<anonymous> (C:\Users\Ali Hassan\AppData\Roaming\npm\node_modules\yarn\lib\cli.js:141784:12)
      at Object.onceWrapper (node:events:627:28)
      at IncomingMessage.emit (node:events:525:35)
      at endReadableNT (node:internal/streams/readable:1358:12)
      at processTicksAndRejections (node:internal/process/task_queues:83:21)

npm manifest: 
  {
    "name": "server",
    "version": "1.0.0",
    "description": "",
    "main": "index.js",
    "scripts": {
      "test": "echo \"Error: no test specified\" && exit 1"
    },
    "author": "",
    "license": "ISC"
  }

yarn manifest: 
  No manifest

Lockfile: 
  No lockfile
